2023-09-30T10:45:41.110-0400	[34mINFO[0m	clients/client_factory.go:60	logDir:<data/nacos/log>   cacheDir:<data/nacos/cache>
2023-09-30T10:45:41.110-0400	[34mINFO[0m	naming_client/push_receiver.go:81	udp server start, port: 55308
2023-09-30T10:49:23.911-0400	[34mINFO[0m	clients/client_factory.go:60	logDir:</projects/OnlineJudge/data/nacos/log>   cacheDir:</projects/OnlineJudge/data/nacos/cache>
2023-09-30T10:49:23.911-0400	[34mINFO[0m	naming_client/push_receiver.go:81	udp server start, port: 55504
2023-09-30T10:49:23.912-0400	[34mINFO[0m	util/common.go:94	Local IP:192.168.1.75
2023-09-30T10:49:23.915-0400	[34mINFO[0m	naming_client/host_reactor.go:100	service not found in cache DEFAULT_GROUP@@problem@@DEFAULT
2023-09-30T10:49:32.231-0400	[34mINFO[0m	clients/client_factory.go:60	logDir:</projects/OnlineJudge/data/nacos/log>   cacheDir:</projects/OnlineJudge/data/nacos/cache>
2023-09-30T10:49:32.232-0400	[34mINFO[0m	naming_client/push_receiver.go:81	udp server start, port: 54986
2023-09-30T10:49:34.375-0400	[34mINFO[0m	clients/client_factory.go:60	logDir:</projects/OnlineJudge/data/nacos/log>   cacheDir:</projects/OnlineJudge/data/nacos/cache>
2023-09-30T10:49:34.375-0400	[34mINFO[0m	naming_client/push_receiver.go:81	udp server start, port: 55151
2023-09-30T10:49:34.377-0400	[34mINFO[0m	util/common.go:94	Local IP:192.168.1.75
2023-09-30T10:49:34.379-0400	[34mINFO[0m	naming_client/host_reactor.go:100	service not found in cache DEFAULT_GROUP@@problem@@DEFAULT
2023-09-30T10:58:18.865-0400	[34mINFO[0m	clients/client_factory.go:60	logDir:</projects/OnlineJudge/data/nacos/log>   cacheDir:</projects/OnlineJudge/data/nacos/cache>
2023-09-30T10:58:18.865-0400	[34mINFO[0m	naming_client/push_receiver.go:81	udp server start, port: 55401
2023-09-30T10:59:23.713-0400	[34mINFO[0m	clients/client_factory.go:60	logDir:</projects/OnlineJudge/data/nacos/log>   cacheDir:</projects/OnlineJudge/data/nacos/cache>
2023-09-30T10:59:23.713-0400	[34mINFO[0m	naming_client/push_receiver.go:81	udp server start, port: 55484
2023-09-30T10:59:23.714-0400	[34mINFO[0m	util/common.go:94	Local IP:192.168.1.75
2023-09-30T10:59:23.716-0400	[34mINFO[0m	naming_client/host_reactor.go:100	service not found in cache DEFAULT_GROUP@@problem@@DEFAULT
2023-09-30T11:02:53.739-0400	[34mINFO[0m	clients/client_factory.go:60	logDir:</projects/OnlineJudge/data/nacos/log>   cacheDir:</projects/OnlineJudge/data/nacos/cache>
2023-09-30T11:02:53.739-0400	[34mINFO[0m	naming_client/push_receiver.go:81	udp server start, port: 55218
2023-09-30T11:03:08.801-0400	[34mINFO[0m	clients/client_factory.go:60	logDir:</projects/OnlineJudge/data/nacos/log>   cacheDir:</projects/OnlineJudge/data/nacos/cache>
2023-09-30T11:03:08.802-0400	[34mINFO[0m	naming_client/push_receiver.go:81	udp server start, port: 55384
2023-10-01T01:43:20.874-0400	[34mINFO[0m	clients/client_factory.go:60	logDir:</projects/OnlineJudge/data/nacos/log>   cacheDir:</projects/OnlineJudge/data/nacos/cache>
2023-10-01T01:43:20.874-0400	[34mINFO[0m	naming_client/push_receiver.go:81	udp server start, port: 55001
2023-10-01T01:43:26.492-0400	[34mINFO[0m	clients/client_factory.go:60	logDir:</projects/OnlineJudge/data/nacos/log>   cacheDir:</projects/OnlineJudge/data/nacos/cache>
2023-10-01T01:43:26.493-0400	[34mINFO[0m	naming_client/push_receiver.go:81	udp server start, port: 55340
2023-10-01T01:43:26.494-0400	[34mINFO[0m	util/common.go:94	Local IP:192.168.1.75
2023-10-01T01:43:26.496-0400	[34mINFO[0m	naming_client/host_reactor.go:100	service not found in cache DEFAULT_GROUP@@problem@@DEFAULT
2023-10-01T01:44:41.784-0400	[34mINFO[0m	clients/client_factory.go:60	logDir:</projects/OnlineJudge/data/nacos/log>   cacheDir:</projects/OnlineJudge/data/nacos/cache>
2023-10-01T01:44:41.784-0400	[34mINFO[0m	naming_client/push_receiver.go:81	udp server start, port: 55715
2023-10-01T01:44:46.481-0400	[34mINFO[0m	clients/client_factory.go:60	logDir:</projects/OnlineJudge/data/nacos/log>   cacheDir:</projects/OnlineJudge/data/nacos/cache>
2023-10-01T01:44:46.482-0400	[34mINFO[0m	naming_client/push_receiver.go:81	udp server start, port: 55482
2023-10-01T01:44:46.484-0400	[34mINFO[0m	util/common.go:94	Local IP:192.168.1.75
2023-10-01T01:44:46.488-0400	[34mINFO[0m	naming_client/host_reactor.go:100	service not found in cache DEFAULT_GROUP@@problem@@DEFAULT
